Index: target/surefire-reports/testng-failed.xml
===================================================================
diff --git a/target/surefire-reports/testng-failed.xml b/target/surefire-reports/testng-failed.xml
deleted file mode 100644
--- a/target/surefire-reports/testng-failed.xml	
+++ /dev/null	
@@ -1,15 +0,0 @@
-<?xml version="1.0" encoding="UTF-8"?>
-<!DOCTYPE suite SYSTEM "https://testng.org/testng-1.0.dtd">
-<suite thread-count="1" name="Failed suite [Surefire suite]" verbose="0">
-  <test thread-count="1" name="Surefire test(failed)" verbose="0">
-    <classes>
-      <class name="org.example.testRunner.runners">
-        <methods>
-          <include name="setUpClass"/>
-          <include name="tearDownClass"/>
-          <include name="runScenario" invocation-numbers="0"/>
-        </methods>
-      </class> <!-- org.example.testRunner.runners -->
-    </classes>
-  </test> <!-- Surefire test(failed) -->
-</suite> <!-- Failed suite [Surefire suite] -->
Index: target/surefire-reports/Surefire suite/testng-failed.xml
===================================================================
diff --git a/target/surefire-reports/Surefire suite/testng-failed.xml b/target/surefire-reports/Surefire suite/testng-failed.xml
deleted file mode 100644
--- a/target/surefire-reports/Surefire suite/testng-failed.xml	
+++ /dev/null	
@@ -1,15 +0,0 @@
-<?xml version="1.0" encoding="UTF-8"?>
-<!DOCTYPE suite SYSTEM "https://testng.org/testng-1.0.dtd">
-<suite thread-count="1" name="Failed suite [Surefire suite]" verbose="0">
-  <test thread-count="1" name="Surefire test(failed)" verbose="0">
-    <classes>
-      <class name="org.example.testRunner.runners">
-        <methods>
-          <include name="setUpClass"/>
-          <include name="tearDownClass"/>
-          <include name="runScenario" invocation-numbers="0"/>
-        </methods>
-      </class> <!-- org.example.testRunner.runners -->
-    </classes>
-  </test> <!-- Surefire test(failed) -->
-</suite> <!-- Failed suite [Surefire suite] -->
Index: .idea/misc.xml
IDEA additional info:
Subsystem: com.intellij.openapi.diff.impl.patch.BaseRevisionTextPatchEP
<+><?xml version=\"1.0\" encoding=\"UTF-8\"?>\r\n<project version=\"4\">\r\n  <component name=\"ExternalStorageConfigurationManager\" enabled=\"true\" />\r\n  <component name=\"MavenProjectsManager\">\r\n    <option name=\"originalFiles\">\r\n      <list>\r\n        <option value=\"$PROJECT_DIR$/pom.xml\" />\r\n      </list>\r\n    </option>\r\n  </component>\r\n  <component name=\"ProjectRootManager\" version=\"2\" languageLevel=\"JDK_18\" default=\"true\" project-jdk-name=\"18\" project-jdk-type=\"JavaSDK\" />\r\n</project>
Subsystem: com.intellij.openapi.diff.impl.patch.CharsetEP
<+>UTF-8
===================================================================
diff --git a/.idea/misc.xml b/.idea/misc.xml
--- a/.idea/misc.xml	
+++ b/.idea/misc.xml	
@@ -1,4 +1,3 @@
-<?xml version="1.0" encoding="UTF-8"?>
 <project version="4">
   <component name="ExternalStorageConfigurationManager" enabled="true" />
   <component name="MavenProjectsManager">
Index: target/surefire-reports/emailable-report.html
IDEA additional info:
Subsystem: com.intellij.openapi.diff.impl.patch.BaseRevisionTextPatchEP
<+><!DOCTYPE html PUBLIC \"-//W3C//DTD XHTML 1.1//EN\" \"https://www.w3.org/TR/xhtml11/DTD/xhtml11.dtd\">\r\n<html xmlns=\"https://www.w3.org/1999/xhtml\">\r\n<head>\r\n<meta http-equiv=\"content-type\" content=\"text/html; charset=UTF-8\"/>\r\n<title>TestNG Report</title>\r\n<style type=\"text/css\">table {margin-bottom:10px;border-collapse:collapse;empty-cells:show}th,td {border:1px solid #009;padding:.25em .5em}th {vertical-align:bottom}td {vertical-align:top}table a {font-weight:bold}.stripe td {background-color: #E6EBF9}.num {text-align:right}.passedodd td {background-color: #3F3}.passedeven td {background-color: #0A0}.skippedodd td {background-color: #DDD}.skippedeven td {background-color: #CCC}.failedodd td,.attn {background-color: #F33}.failedeven td,.stripe .attn {background-color: #D00}.stacktrace {white-space:pre;font-family:monospace}.totop {font-size:85%;text-align:center;border-bottom:2px solid #000}.invisible {display:none}</style>\r\n</head>\r\n<body>\r\n<table>\r\n<tr><th>Test</th><th># Passed</th><th># Skipped</th><th># Retried</th><th># Failed</th><th>Time (ms)</th><th>Included Groups</th><th>Excluded Groups</th></tr>\r\n<tr><th colspan=\"8\">Surefire suite</th></tr>\r\n<tr><td><a href=\"#t0\">Surefire test</a></td><td class=\"num\">0</td><td class=\"num\">0</td><td class=\"num\">0</td><td class=\"num attn\">1</td><td class=\"num\">41,863</td><td></td><td></td></tr>\r\n</table>\r\n<table id='summary'><thead><tr><th>Class</th><th>Method</th><th>Start</th><th>Time (ms)</th></tr></thead><tbody><tr><th colspan=\"4\">Surefire suite</th></tr></tbody><tbody id=\"t0\"><tr><th colspan=\"4\">Surefire test &#8212; failed</th></tr><tr class=\"failedeven\"><td rowspan=\"1\">org.example.testRunner.runners</td><td><a href=\"#m0\">runScenario</a></td><td rowspan=\"1\">1698665951866</td><td rowspan=\"1\">40937</td></tr></tbody>\r\n</table>\r\n<h2>Surefire test</h2><h3 id=\"m0\">org.example.testRunner.runners#runScenario</h3><table class=\"result\"><tr class=\"param\"><th>Parameter #1</th><th>Parameter #2</th></tr><tr class=\"param stripe\"><td>&quot;user could add new transactions for SALE_COMPANY&quot;</td><td>&quot;F06_01_SALE_COMPANY | users could add new transactions for SALE_COMPANY&quot;</td></tr><tr><th colspan=\"2\">Exception</th></tr><tr><td colspan=\"2\"><div class=\"stacktrace\">org.openqa.selenium.JavascriptException: javascript error: Cannot read properties of null (reading &apos;prototype&apos;)\r\n  (Session info: chrome=109.0.5414.168)\r\nBuild info: version: &apos;4.9.0&apos;, revision: &apos;d7057100a6&apos;\r\nSystem info: os.name: &apos;Windows Server 2012 R2&apos;, os.arch: &apos;amd64&apos;, os.version: &apos;6.3&apos;, java.version: &apos;18.0.2&apos;\r\nDriver info: org.openqa.selenium.chrome.ChromeDriver\r\nCommand: [421c6df082ae8f96ddfc13f3648dac0e, findElement {using=xpath, value=yesButton}]\r\nCapabilities {acceptInsecureCerts: false, browserName: chrome, browserVersion: 109.0.5414.168, chrome: {chromedriverVersion: 109.0.5414.74 (e7c5703604da..., userDataDir: C:\\Users\\QC-3\\AppData\\Local...}, goog:chromeOptions: {debuggerAddress: localhost:50488}, networkConnectionEnabled: false, pageLoadStrategy: normal, platformName: WINDOWS, proxy: Proxy(), se:cdp: ws://localhost:50488/devtoo..., se:cdpVersion: 109.0.5414.168, setWindowRect: true, strictFileInteractability: false, timeouts: {implicit: 0, pageLoad: 300000, script: 30000}, unhandledPromptBehavior: dismiss and notify, webauthn:extension:credBlob: true, webauthn:extension:largeBlob: true, webauthn:virtualAuthenticators: true}\r\nSession ID: 421c6df082ae8f96ddfc13f3648dac0e\r\n\tat org.openqa.selenium.remote.codec.w3c.W3CHttpResponseCodec.createException(W3CHttpResponseCodec.java:200)\r\n\tat org.openqa.selenium.remote.codec.w3c.W3CHttpResponseCodec.decode(W3CHttpResponseCodec.java:133)\r\n\tat org.openqa.selenium.remote.codec.w3c.W3CHttpResponseCodec.decode(W3CHttpResponseCodec.java:53)\r\n\tat org.openqa.selenium.remote.HttpCommandExecutor.execute(HttpCommandExecutor.java:193)\r\n\tat org.openqa.selenium.remote.service.DriverCommandExecutor.invokeExecute(DriverCommandExecutor.java:183)\r\n\tat org.openqa.selenium.remote.service.DriverCommandExecutor.execute(DriverCommandExecutor.java:158)\r\n\tat org.openqa.selenium.remote.RemoteWebDriver.execute(RemoteWebDriver.java:543)\r\n\tat org.openqa.selenium.remote.ElementLocation$ElementFinder$2.findElement(ElementLocation.java:162)\r\n\tat org.openqa.selenium.remote.ElementLocation.findElement(ElementLocation.java:60)\r\n\tat org.openqa.selenium.remote.RemoteWebDriver.findElement(RemoteWebDriver.java:352)\r\n\tat org.openqa.selenium.remote.RemoteWebDriver.findElement(RemoteWebDriver.java:344)\r\n\tat org.example.pages.SALE.P06_01_SALE_COMPANY.yes_btn(P06_01_SALE_COMPANY.java:75)\r\n\tat org.example.stepDefs.SALE.D06_01_SALE_COMPANYStepDef.userClickOnBtnCollection(D06_01_SALE_COMPANYStepDef.java:125)\r\n\tat ✽.user click on btnCollection(file:///C:/Users/QC-3/Downloads/SAK/src/main/resources/features/SALE/F06_01_SALE_COMPANY.feature:32)\r\n... Removed 3 stack frames</div></td></tr></table><p class=\"totop\"><a href=\"#summary\">back to summary</a></p>\r\n</body>\r\n</html>\r\n
Subsystem: com.intellij.openapi.diff.impl.patch.CharsetEP
<+>UTF-8
===================================================================
diff --git a/target/surefire-reports/emailable-report.html b/target/surefire-reports/emailable-report.html
--- a/target/surefire-reports/emailable-report.html	
+++ b/target/surefire-reports/emailable-report.html	
@@ -9,32 +9,10 @@
 <table>
 <tr><th>Test</th><th># Passed</th><th># Skipped</th><th># Retried</th><th># Failed</th><th>Time (ms)</th><th>Included Groups</th><th>Excluded Groups</th></tr>
 <tr><th colspan="8">Surefire suite</th></tr>
-<tr><td><a href="#t0">Surefire test</a></td><td class="num">0</td><td class="num">0</td><td class="num">0</td><td class="num attn">1</td><td class="num">41,863</td><td></td><td></td></tr>
+<tr><td><a href="#t0">Surefire test</a></td><td class="num">1</td><td class="num">0</td><td class="num">0</td><td class="num">0</td><td class="num">76,125</td><td></td><td></td></tr>
 </table>
-<table id='summary'><thead><tr><th>Class</th><th>Method</th><th>Start</th><th>Time (ms)</th></tr></thead><tbody><tr><th colspan="4">Surefire suite</th></tr></tbody><tbody id="t0"><tr><th colspan="4">Surefire test &#8212; failed</th></tr><tr class="failedeven"><td rowspan="1">org.example.testRunner.runners</td><td><a href="#m0">runScenario</a></td><td rowspan="1">1698665951866</td><td rowspan="1">40937</td></tr></tbody>
+<table id='summary'><thead><tr><th>Class</th><th>Method</th><th>Start</th><th>Time (ms)</th></tr></thead><tbody><tr><th colspan="4">Surefire suite</th></tr></tbody><tbody id="t0"><tr><th colspan="4">Surefire test &#8212; passed</th></tr><tr class="passedeven"><td rowspan="1">org.example.testRunner.runners</td><td><a href="#m0">runScenario</a></td><td rowspan="1">1699437370889</td><td rowspan="1">75192</td></tr></tbody>
 </table>
-<h2>Surefire test</h2><h3 id="m0">org.example.testRunner.runners#runScenario</h3><table class="result"><tr class="param"><th>Parameter #1</th><th>Parameter #2</th></tr><tr class="param stripe"><td>&quot;user could add new transactions for SALE_COMPANY&quot;</td><td>&quot;F06_01_SALE_COMPANY | users could add new transactions for SALE_COMPANY&quot;</td></tr><tr><th colspan="2">Exception</th></tr><tr><td colspan="2"><div class="stacktrace">org.openqa.selenium.JavascriptException: javascript error: Cannot read properties of null (reading &apos;prototype&apos;)
-  (Session info: chrome=109.0.5414.168)
-Build info: version: &apos;4.9.0&apos;, revision: &apos;d7057100a6&apos;
-System info: os.name: &apos;Windows Server 2012 R2&apos;, os.arch: &apos;amd64&apos;, os.version: &apos;6.3&apos;, java.version: &apos;18.0.2&apos;
-Driver info: org.openqa.selenium.chrome.ChromeDriver
-Command: [421c6df082ae8f96ddfc13f3648dac0e, findElement {using=xpath, value=yesButton}]
-Capabilities {acceptInsecureCerts: false, browserName: chrome, browserVersion: 109.0.5414.168, chrome: {chromedriverVersion: 109.0.5414.74 (e7c5703604da..., userDataDir: C:\Users\QC-3\AppData\Local...}, goog:chromeOptions: {debuggerAddress: localhost:50488}, networkConnectionEnabled: false, pageLoadStrategy: normal, platformName: WINDOWS, proxy: Proxy(), se:cdp: ws://localhost:50488/devtoo..., se:cdpVersion: 109.0.5414.168, setWindowRect: true, strictFileInteractability: false, timeouts: {implicit: 0, pageLoad: 300000, script: 30000}, unhandledPromptBehavior: dismiss and notify, webauthn:extension:credBlob: true, webauthn:extension:largeBlob: true, webauthn:virtualAuthenticators: true}
-Session ID: 421c6df082ae8f96ddfc13f3648dac0e
-	at org.openqa.selenium.remote.codec.w3c.W3CHttpResponseCodec.createException(W3CHttpResponseCodec.java:200)
-	at org.openqa.selenium.remote.codec.w3c.W3CHttpResponseCodec.decode(W3CHttpResponseCodec.java:133)
-	at org.openqa.selenium.remote.codec.w3c.W3CHttpResponseCodec.decode(W3CHttpResponseCodec.java:53)
-	at org.openqa.selenium.remote.HttpCommandExecutor.execute(HttpCommandExecutor.java:193)
-	at org.openqa.selenium.remote.service.DriverCommandExecutor.invokeExecute(DriverCommandExecutor.java:183)
-	at org.openqa.selenium.remote.service.DriverCommandExecutor.execute(DriverCommandExecutor.java:158)
-	at org.openqa.selenium.remote.RemoteWebDriver.execute(RemoteWebDriver.java:543)
-	at org.openqa.selenium.remote.ElementLocation$ElementFinder$2.findElement(ElementLocation.java:162)
-	at org.openqa.selenium.remote.ElementLocation.findElement(ElementLocation.java:60)
-	at org.openqa.selenium.remote.RemoteWebDriver.findElement(RemoteWebDriver.java:352)
-	at org.openqa.selenium.remote.RemoteWebDriver.findElement(RemoteWebDriver.java:344)
-	at org.example.pages.SALE.P06_01_SALE_COMPANY.yes_btn(P06_01_SALE_COMPANY.java:75)
-	at org.example.stepDefs.SALE.D06_01_SALE_COMPANYStepDef.userClickOnBtnCollection(D06_01_SALE_COMPANYStepDef.java:125)
-	at ✽.user click on btnCollection(file:///C:/Users/QC-3/Downloads/SAK/src/main/resources/features/SALE/F06_01_SALE_COMPANY.feature:32)
-... Removed 3 stack frames</div></td></tr></table><p class="totop"><a href="#summary">back to summary</a></p>
+<h2>Surefire test</h2><h3 id="m0">org.example.testRunner.runners#runScenario</h3><table class="result"><tr class="param"><th>Parameter #1</th><th>Parameter #2</th></tr><tr class="param stripe"><td>&quot;user could add new transactions for AGREEMENT&quot;</td><td>&quot;F07_01_AGREEMENT | users could add new transactions for AGREEMENT&quot;</td></tr></table><p class="totop"><a href="#summary">back to summary</a></p>
 </body>
 </html>
