<?xml version="1.0" encoding="UTF-8"?>
<testsuite xmlns:xsi="http://www.w3.org/2001/XMLSchema-instance" xsi:noNamespaceSchemaLocation="https://maven.apache.org/surefire/maven-surefire-plugin/xsd/surefire-test-report-3.0.xsd" version="3.0" name="org.example.testRunner.runners" time="560.222" tests="4" errors="0" skipped="0" failures="1">
  <properties>
[...]
</properties>
  <testcase name="runScenario" classname="org.example.testRunner.runners" time="136.874"/>
  <testcase name="runScenario" classname="org.example.testRunner.runners" time="178.593"/>
  <testcase name="runScenario" classname="org.example.testRunner.runners" time="68.816">
    <failure message="element click intercepted: Element &lt;input id=&quot;btnSignIn&quot; class=&quot;button&quot; type=&quot;submit&quot; ng-click=&quot;Login()&quot; value=&quot;تسجيل دخول&quot;&gt; is not clickable at point (759, 473). Other element would receive the click: &lt;div id=&quot;transparentGray&quot; style=&quot;top:0;left:0;position:absolute;width:100%;height:100%;background-color: gray;opacity:0.4;&quot;&gt;&lt;/div&gt;&#10;  (Session info: chrome=118.0.5993.89)&#10;Build info: version: &apos;4.9.0&apos;, revision: &apos;d7057100a6&apos;&#10;System info: os.name: &apos;Windows 10&apos;, os.arch: &apos;amd64&apos;, os.version: &apos;10.0&apos;, java.version: &apos;18.0.2.1&apos;&#10;Driver info: org.openqa.selenium.chrome.ChromeDriver&#10;Command: [1e9b5e728315d8a2b5705b3c828981ab, clickElement {id=A4E9EFDACEEE0C451EA7DE292B94D5A4_element_15}]&#10;Capabilities {acceptInsecureCerts: false, browserName: chrome, browserVersion: 118.0.5993.89, chrome: {chromedriverVersion: 118.0.5993.70 (e52f33f30b91..., userDataDir: C:\WINDOWS\SystemTemp\scope...}, fedcm:accounts: true, goog:chromeOptions: {debuggerAddress: localhost:52334}, networkConnectionEnabled: false, pageLoadStrategy: normal, platformName: WINDOWS, proxy: Proxy(), se:cdp: ws://localhost:52334/devtoo..., se:cdpVersion: 118.0.5993.89, setWindowRect: true, strictFileInteractability: false, timeouts: {implicit: 0, pageLoad: 300000, script: 30000}, unhandledPromptBehavior: dismiss and notify, webauthn:extension:credBlob: true, webauthn:extension:largeBlob: true, webauthn:extension:minPinLength: true, webauthn:extension:prf: true, webauthn:virtualAuthenticators: true}&#10;Element: [[ChromeDriver: chrome on WINDOWS (1e9b5e728315d8a2b5705b3c828981ab)] -&gt; id: btnSignIn]&#10;Session ID: 1e9b5e728315d8a2b5705b3c828981ab" type="org.openqa.selenium.ElementClickInterceptedException"><![CDATA[org.openqa.selenium.ElementClickInterceptedException: 
element click intercepted: Element <input id="btnSignIn" class="button" type="submit" ng-click="Login()" value="تسجيل دخول"> is not clickable at point (759, 473). Other element would receive the click: <div id="transparentGray" style="top:0;left:0;position:absolute;width:100%;height:100%;background-color: gray;opacity:0.4;"></div>
  (Session info: chrome=118.0.5993.89)
Build info: version: '4.9.0', revision: 'd7057100a6'
System info: os.name: 'Windows 10', os.arch: 'amd64', os.version: '10.0', java.version: '18.0.2.1'
Driver info: org.openqa.selenium.chrome.ChromeDriver
Command: [1e9b5e728315d8a2b5705b3c828981ab, clickElement {id=A4E9EFDACEEE0C451EA7DE292B94D5A4_element_15}]
Capabilities {acceptInsecureCerts: false, browserName: chrome, browserVersion: 118.0.5993.89, chrome: {chromedriverVersion: 118.0.5993.70 (e52f33f30b91..., userDataDir: C:\WINDOWS\SystemTemp\scope...}, fedcm:accounts: true, goog:chromeOptions: {debuggerAddress: localhost:52334}, networkConnectionEnabled: false, pageLoadStrategy: normal, platformName: WINDOWS, proxy: Proxy(), se:cdp: ws://localhost:52334/devtoo..., se:cdpVersion: 118.0.5993.89, setWindowRect: true, strictFileInteractability: false, timeouts: {implicit: 0, pageLoad: 300000, script: 30000}, unhandledPromptBehavior: dismiss and notify, webauthn:extension:credBlob: true, webauthn:extension:largeBlob: true, webauthn:extension:minPinLength: true, webauthn:extension:prf: true, webauthn:virtualAuthenticators: true}
Element: [[ChromeDriver: chrome on WINDOWS (1e9b5e728315d8a2b5705b3c828981ab)] -> id: btnSignIn]
Session ID: 1e9b5e728315d8a2b5705b3c828981ab
]]></failure>
    <system-out><![CDATA[ickOnPOA_PARTIAL_STEPPED()&amp#27;[0m
  &amp#27;[32mAnd &amp#27;[0m&amp#27;[32muser clicked on POA_PARTIAL_STEPPED successfully&amp#27;[0m                                                                         &amp#27;[90m# org.example.stepDefs.First_Step.D05_POAStepDef.userClickedOnPOA_PARTIAL_STEPPEDSuccessfully()&amp#27;[0m
  &amp#27;[32mWhen &amp#27;[0m&amp#27;[32muser add the first Party with obj of index &amp#27;[0m&amp#27;[32m&amp#27;[1m"8"&amp#27;[0m&amp#27;[32m and id of index &amp#27;[0m&amp#27;[32m&amp#27;[1m"1"&amp#27;[0m&amp#27;[32m id equal &amp#27;[0m&amp#27;[32m&amp#27;[1m"00000000085"&amp#27;[0m&amp#27;[32m and click on btnAddFirstParty&amp#27;[0m &amp#27;[90m# org.example.stepDefs.POA.D05_01_POA_SPECIALStepDef.userAddTheFirstSideForPOA_SPECIALWithObjOfIndexAndIdOfIndexIdEqualAndClickOnApplicant(java.lang.String,java.lang.String,java.lang.String)&amp#27;[0m
  &amp#27;[32mAnd &amp#27;[0m&amp#27;[32muser click on add button and add new first Party successfully&amp#27;[0m                                                            &amp#27;[90m# org.example.stepDefs.POA.D05_01_POA_SPECIALStepDef.userClickOnAddButAndAddNewTransactionsSuccessfully()&amp#27;[0m
  &amp#27;[32mWhen &amp#27;[0m&amp#27;[32muser close first Party and open the model Nav&amp#27;[0m                                                                           &amp#27;[90m# org.example.stepDefs.POA.D05_03_POA_TERMINATIONStepDef.userCloseFirstPartyAndOpenTheSamplesNav()&amp#27;[0m
  &amp#27;[32mAnd &amp#27;[0m&amp#27;[32muser enter transaction num &amp#27;[0m&amp#27;[32m&amp#27;[1m"2023/3758"&amp#27;[0m&amp#27;[32m for POA_PARTIAL_STEPPED and click save model btn&amp#27;[0m                                  &amp#27;[90m# org.example.stepDefs.POA.D05_02_POA_PARTIAL_STEPPEDStepDef.userEnterTransactionNumForPOA_PARTIAL_STEPPEDAndClickSaveModelBtn(java.lang.String)&amp#27;[0m
  &amp#27;[32mAnd &amp#27;[0m&amp#27;[32muser select person who step aside agency and step aside from him then click save btn&amp#27;[0m                                     &amp#27;[90m# org.example.stepDefs.POA.D05_02_POA_PARTIAL_STEPPEDStepDef.userSelectPersonWhoStepAsideAgencyAndStepAsideFromHimThenClickSaveBtn()&amp#27;[0m
  &amp#27;[32mAnd &amp#27;[0m&amp#27;[32muser close the the samples Nav and open the fees Nav&amp#27;[0m                                                                     &amp#27;[90m# org.example.stepDefs.POA.D05_01_POA_SPECIALStepDef.userCloseTheTheSamplesNavForPOA_SPECIALAndOpenTheFeesNavForPOA_SPECIAL()&amp#27;[0m
  &amp#27;[32mWhen &amp#27;[0m&amp#27;[32muser click on noFees checkbox and select ExcemptedReasons &amp#27;[0m&amp#27;[32m&amp#27;[1m"جهة حكومية"&amp#27;[0m                                                  &amp#27;[90m# org.example.stepDefs.POA.D05_01_POA_SPECIALStepDef.userClickOnNoFeesCheckboxAndSelectExcemptedReasons(java.lang.String)&amp#27;[0m
  &amp#27;[32mAnd &amp#27;[0m&amp#27;[32muser click on btnViewTransaction&amp#27;[0m                                                                                         &amp#27;[90m# org.example.stepDefs.POA.D05_01_POA_SPECIALStepDef.userClickOnBtnViewTransaction()&amp#27;[0m
  &amp#27;[32mThen &amp#27;[0m&amp#27;[32muser click on btnSubmitTransaction&amp#27;[0m                                                                                      &amp#27;[90m# org.example.stepDefs.POA.D05_01_POA_SPECIALStepDef.userClickOnBtnSubmitTransactionAndTransactionAddedSuccessfully()&amp#27;[0m

@smoke
Scenario: user could add new transactions for POA_TERMINATION                                                                  &amp#27;[90m# src/main/resources/features/POA/F05_03_POA_TERMINATION.feature:14&amp#27;[0m
  &amp#27;[32mWhen &amp#27;[0m&amp#27;[32muser login with email &amp#27;[0m&amp#27;[32m&amp#27;[1m"amrsaid"&amp#27;[0m&amp#27;[32m and password &amp#27;[0m&amp#27;[32m&amp#27;[1m"amrsaid"&amp#27;[0m                                                                  &amp#27;[90m# org.example.stepDefs.First_Step.D02_loginStepDef.userLoginWithEmailAndPassword(java.lang.String,java.lang.String)&amp#27;[0m
  &amp#27;[31mAnd &amp#27;[0m&amp#27;[31muser press on login button&amp#27;[0m                                                                                               &amp#27;[90m# org.example.stepDefs.First_Step.D02_loginStepDef.userPressOnLoginButton()&amp#27;[0m
      &amp#27;[31morg.openqa.selenium.ElementClickInterceptedException: element click intercepted: Element <input id="btnSignIn" class="button" type="submit" ng-click="Login()" value="تسجيل دخول"> is not clickable at point (759, 473). Other element would receive the click: <div id="transparentGray" style="top:0;left:0;position:absolute;width:100%;height:100%;background-color: gray;opacity:0.4;"></div>
  (Session info: chrome=118.0.5993.89)
Build info: version: '4.9.0', revision: 'd7057100a6'
System info: os.name: 'Windows 10', os.arch: 'amd64', os.version: '10.0', java.version: '18.0.2.1'
Driver info: org.openqa.selenium.chrome.ChromeDriver
Command: [1e9b5e728315d8a2b5705b3c828981ab, clickElement {id=A4E9EFDACEEE0C451EA7DE292B94D5A4_element_15}]
Capabilities {acceptInsecureCerts: false, browserName: chrome, browserVersion: 118.0.5993.89, chrome: {chromedriverVersion: 118.0.5993.70 (e52f33f30b91..., userDataDir: C:\WINDOWS\SystemTemp\scope...}, fedcm:accounts: true, goog:chromeOptions: {debuggerAddress: localhost:52334}, networkConnectionEnabled: false, pageLoadStrategy: normal, platformName: WINDOWS, proxy: Proxy(), se:cdp: ws://localhost:52334/devtoo..., se:cdpVersion: 118.0.5993.89, setWindowRect: true, strictFileInteractability: false, timeouts: {implicit: 0, pageLoad: 300000, script: 30000}, unhandledPromptBehavior: dismiss and notify, webauthn:extension:credBlob: true, webauthn:extension:largeBlob: true, webauthn:extension:minPinLength: true, webauthn:extension:prf: true, webauthn:virtualAuthenticators: true}
Element: [[ChromeDriver: chrome on WINDOWS (1e9b5e728315d8a2b5705b3c828981ab)] -> id: btnSignIn]
Session ID: 1e9b5e728315d8a2b5705b3c828981ab
	at java.base/jdk.internal.reflect.DirectConstructorHandleAccessor.newInstance(DirectConstructorHandleAccessor.java:67)
	at java.base/java.lang.reflect.Constructor.newInstanceWithCaller(Constructor.java:499)
	at java.base/java.lang.reflect.Constructor.newInstance(Constructor.java:483)
	at org.openqa.selenium.remote.codec.w3c.W3CHttpResponseCodec.createException(W3CHttpResponseCodec.java:200)
	at org.openqa.selenium.remote.codec.w3c.W3CHttpResponseCodec.decode(W3CHttpResponseCodec.java:133)
	at org.openqa.selenium.remote.codec.w3c.W3CHttpResponseCodec.decode(W3CHttpResponseCodec.java:53)
	at org.openqa.selenium.remote.HttpCommandExecutor.execute(HttpCommandExecutor.java:193)
	at org.openqa.selenium.remote.service.DriverCommandExecutor.invokeExecute(DriverCommandExecutor.java:183)
	at org.openqa.selenium.remote.service.DriverCommandExecutor.execute(DriverCommandExecutor.java:158)
	at org.openqa.selenium.remote.RemoteWebDriver.execute(RemoteWebDriver.java:543)
	at org.openqa.selenium.remote.RemoteWebElement.execute(RemoteWebElement.java:257)
	at org.openqa.selenium.remote.RemoteWebElement.click(RemoteWebElement.java:78)
	at org.example.stepDefs.First_Step.D02_loginStepDef.userPressOnLoginButton(D02_loginStepDef.java:32)
	at ✽.user press on login button(file:///D:/informatique/SAK/code/SAK/src/main/resources/features/POA/F05_03_POA_TERMINATION.feature:5)
&amp#27;[0m
  &amp#27;[36mAnd &amp#27;[0m&amp#27;[36muser login to the system successfully by user &amp#27;[0m&amp#27;[36m&amp#27;[1m"amrsaid"&amp#27;[0m                                                                  &amp#27;[90m# org.example.stepDefs.First_Step.D02_loginStepDef.userLoginToTheSystemSuccessfullyByUser(java.lang.String)&amp#27;[0m
  &amp#27;[36mAnd &amp#27;[0m&amp#27;[36muser click on Documentation&amp#27;[0m                                                                                              &amp#27;[90m# org.example.stepDefs.First_Step.D03_HomeStepDef.userClickOnDocumentation()&amp#27;[0m
  &amp#27;[36mThen &amp#27;[0m&amp#27;[36muser clicked on Documentation successfully&amp#27;[0m                                                                              &amp#27;[90m# org.example.stepDefs.First_Step.D03_HomeStepDef.userClickedOnDocumentationSuccessfully()&amp#27;[0m
  &amp#27;[36mAnd &amp#27;[0m&amp#27;[36muser click on POA&amp#27;[0m                                                                                                        &amp#27;[90m# org.example.stepDefs.First_Step.D04_DOCUMENTATION_PStepDef.userClickOnPOA()&amp#27;[0m
  &amp#27;[36mAnd &amp#27;[0m&amp#27;[36muser clicked on POA successfully&amp#27;[0m                                                                                         &amp#27;[90m# org.example.stepDefs.First_Step.D04_DOCUMENTATION_PStepDef.userClickedOnPOASuccessfully()&amp#27;[0m
  &amp#27;[36mWhen &amp#27;[0m&amp#27;[36muser click on POA_TERMINATION&amp#27;[0m                                                                                           &amp#27;[90m# org.example.stepDefs.First_Step.D05_POAStepDef.userClickOnPOA_TERMINATION()&amp#27;[0m
  &amp#27;]]></system-out>
    <system-err><![CDATA[Starting ChromeDriver 118.0.5993.70 (e52f33f30b91b4ddfad649acddc39ab570473b86-refs/branch-heads/5993@{#1216}) on port 43077
Only local connections are allowed.
Please see https://chromedriver.chromium.org/security-considerations for suggestions on keeping ChromeDriver safe.
ChromeDriver was started successfully.
Oct 24, 2023 11:01:52 AM org.openqa.selenium.devtools.CdpVersionFinder findNearestMatch
WARNING: Unable to find CDP implementation matching 118
Oct 24, 2023 11:01:52 AM org.openqa.selenium.chromium.ChromiumDriver lambda$new$3
WARNING: Unable to find version of CDP to use for . You may need to include a dependency on a specific version of the CDP using something similar to `org.seleniumhq.selenium:selenium-devtools-v86:4.9.0` where the version ("v86") matches the version of the chromium-based browser you're using and the version number of the artifact is the same as Selenium's.
]]></system-err>
  </testcase>
  <testcase name="runScenario" classname="org.example.testRunner.runners" time="173.707"/>
</testsuite>