<?xml version="1.0" encoding="UTF-8"?>
<testng-results ignored="0" total="4" passed="3" failed="1" skipped="0">
  <reporter-output>
  </reporter-output>
  <suite started-at="2023-10-24T10:56:35 EET" name="Surefire suite" finished-at="2023-10-24T11:05:54 EET" duration-ms="559446">
    <groups>
      <group name="cucumber">
        <method signature="AbstractTestNGCucumberTests.runScenario(io.cucumber.testng.PickleWrapper,io.cucumber.testng.FeatureWrapper)[pri:0, instance:org.example.testRunner.runners@4c1d9d4b]" name="runScenario" class="io.cucumber.testng.AbstractTestNGCucumberTests"/>
      </group> <!-- cucumber -->
    </groups>
    <test started-at="2023-10-24T10:56:35 EET" name="Surefire test" finished-at="2023-10-24T11:05:54 EET" duration-ms="559446">
      <class name="org.example.testRunner.runners">
        <test-method is-config="true" signature="setUpClass(org.testng.ITestContext)[pri:0, instance:org.example.testRunner.runners@4c1d9d4b]" started-at="2023-10-24T10:56:35 EET" name="setUpClass" finished-at="2023-10-24T10:56:36 EET" duration-ms="973" status="PASS">
          <params>
            <param index="0">
              <value>
                <![CDATA[org.testng.TestRunner@314b7945]]>
              </value>
            </param>
          </params>
          <reporter-output>
          </reporter-output>
        </test-method> <!-- setUpClass -->
        <test-method signature="runScenario(io.cucumber.testng.PickleWrapper,io.cucumber.testng.FeatureWrapper)[pri:0, instance:org.example.testRunner.runners@4c1d9d4b]" started-at="2023-10-24T10:56:36 EET" name="runScenario" description="Runs Cucumber Scenarios" data-provider="scenarios" finished-at="2023-10-24T10:58:52 EET" duration-ms="136873" status="PASS">
          <params>
            <param index="0">
              <value>
                <![CDATA["user could add new transactions for POA_SPECIAL"]]>
              </value>
            </param>
            <param index="1">
              <value>
                <![CDATA["F05_01_POA_SPECIAL | users could add new transactions for POA_SPECIAL"]]>
              </value>
            </param>
          </params>
          <reporter-output>
          </reporter-output>
        </test-method> <!-- runScenario -->
        <test-method signature="runScenario(io.cucumber.testng.PickleWrapper,io.cucumber.testng.FeatureWrapper)[pri:0, instance:org.example.testRunner.runners@4c1d9d4b]" started-at="2023-10-24T10:58:52 EET" name="runScenario" description="Runs Cucumber Scenarios" data-provider="scenarios" finished-at="2023-10-24T11:01:51 EET" duration-ms="178625" status="PASS">
          <params>
            <param index="0">
              <value>
                <![CDATA["user could add new transactions for POA_PARTIAL_STEPPED one to one"]]>
              </value>
            </param>
            <param index="1">
              <value>
                <![CDATA["F05_02_POA_PARTIAL_STEPPED | users could add new transactions for POA_PARTIAL_STEPPED"]]>
              </value>
            </param>
          </params>
          <reporter-output>
          </reporter-output>
        </test-method> <!-- runScenario -->
        <test-method signature="runScenario(io.cucumber.testng.PickleWrapper,io.cucumber.testng.FeatureWrapper)[pri:0, instance:org.example.testRunner.runners@4c1d9d4b]" started-at="2023-10-24T11:01:51 EET" name="runScenario" description="Runs Cucumber Scenarios" data-provider="scenarios" finished-at="2023-10-24T11:03:00 EET" duration-ms="68811" status="FAIL">
          <params>
            <param index="0">
              <value>
                <![CDATA["user could add new transactions for POA_TERMINATION"]]>
              </value>
            </param>
            <param index="1">
              <value>
                <![CDATA["F05_03_POA_TERMINATION | users could add new transactions for POA_TERMINATION"]]>
              </value>
            </param>
          </params>
          <exception class="org.openqa.selenium.ElementClickInterceptedException">
            <message>
              <![CDATA[element click intercepted: Element <input id="btnSignIn" class="button" type="submit" ng-click="Login()" value="تسجيل دخول"> is not clickable at point (759, 473). Other element would receive the click: <div id="transparentGray" style="top:0;left:0;position:absolute;width:100%;height:100%;background-color: gray;opacity:0.4;"></div>
  (Session info: chrome=118.0.5993.89)
Build info: version: '4.9.0', revision: 'd7057100a6'
System info: os.name: 'Windows 10', os.arch: 'amd64', os.version: '10.0', java.version: '18.0.2.1'
Driver info: org.openqa.selenium.chrome.ChromeDriver
Command: [1e9b5e728315d8a2b5705b3c828981ab, clickElement {id=A4E9EFDACEEE0C451EA7DE292B94D5A4_element_15}]
Capabilities {acceptInsecureCerts: false, browserName: chrome, browserVersion: 118.0.5993.89, chrome: {chromedriverVersion: 118.0.5993.70 (e52f33f30b91..., userDataDir: C:\WINDOWS\SystemTemp\scope...}, fedcm:accounts: true, goog:chromeOptions: {debuggerAddress: localhost:52334}, networkConnectionEnabled: false, pageLoadStrategy: normal, platformName: WINDOWS, proxy: Proxy(), se:cdp: ws://localhost:52334/devtoo..., se:cdpVersion: 118.0.5993.89, setWindowRect: true, strictFileInteractability: false, timeouts: {implicit: 0, pageLoad: 300000, script: 30000}, unhandledPromptBehavior: dismiss and notify, webauthn:extension:credBlob: true, webauthn:extension:largeBlob: true, webauthn:extension:minPinLength: true, webauthn:extension:prf: true, webauthn:virtualAuthenticators: true}
Element: [[ChromeDriver: chrome on WINDOWS (1e9b5e728315d8a2b5705b3c828981ab)] -> id: btnSignIn]
Session ID: 1e9b5e728315d8a2b5705b3c828981ab]]>
            </message>
            <full-stacktrace>
              <![CDATA[org.openqa.selenium.ElementClickInterceptedException: element click intercepted: Element <input id="btnSignIn" class="button" type="submit" ng-click="Login()" value="تسجيل دخول"> is not clickable at point (759, 473). Other element would receive the click: <div id="transparentGray" style="top:0;left:0;position:absolute;width:100%;height:100%;background-color: gray;opacity:0.4;"></div>
  (Session info: chrome=118.0.5993.89)
Build info: version: '4.9.0', revision: 'd7057100a6'
System info: os.name: 'Windows 10', os.arch: 'amd64', os.version: '10.0', java.version: '18.0.2.1'
Driver info: org.openqa.selenium.chrome.ChromeDriver
Command: [1e9b5e728315d8a2b5705b3c828981ab, clickElement {id=A4E9EFDACEEE0C451EA7DE292B94D5A4_element_15}]
Capabilities {acceptInsecureCerts: false, browserName: chrome, browserVersion: 118.0.5993.89, chrome: {chromedriverVersion: 118.0.5993.70 (e52f33f30b91..., userDataDir: C:\WINDOWS\SystemTemp\scope...}, fedcm:accounts: true, goog:chromeOptions: {debuggerAddress: localhost:52334}, networkConnectionEnabled: false, pageLoadStrategy: normal, platformName: WINDOWS, proxy: Proxy(), se:cdp: ws://localhost:52334/devtoo..., se:cdpVersion: 118.0.5993.89, setWindowRect: true, strictFileInteractability: false, timeouts: {implicit: 0, pageLoad: 300000, script: 30000}, unhandledPromptBehavior: dismiss and notify, webauthn:extension:credBlob: true, webauthn:extension:largeBlob: true, webauthn:extension:minPinLength: true, webauthn:extension:prf: true, webauthn:virtualAuthenticators: true}
Element: [[ChromeDriver: chrome on WINDOWS (1e9b5e728315d8a2b5705b3c828981ab)] -> id: btnSignIn]
Session ID: 1e9b5e728315d8a2b5705b3c828981ab
at java.base/jdk.internal.reflect.DirectConstructorHandleAccessor.newInstance(DirectConstructorHandleAccessor.java:67)
at java.base/java.lang.reflect.Constructor.newInstanceWithCaller(Constructor.java:499)
at java.base/java.lang.reflect.Constructor.newInstance(Constructor.java:483)
at org.openqa.selenium.remote.codec.w3c.W3CHttpResponseCodec.createException(W3CHttpResponseCodec.java:200)
at org.openqa.selenium.remote.codec.w3c.W3CHttpResponseCodec.decode(W3CHttpResponseCodec.java:133)
at org.openqa.selenium.remote.codec.w3c.W3CHttpResponseCodec.decode(W3CHttpResponseCodec.java:53)
at org.openqa.selenium.remote.HttpCommandExecutor.execute(HttpCommandExecutor.java:193)
at org.openqa.selenium.remote.service.DriverCommandExecutor.invokeExecute(DriverCommandExecutor.java:183)
at org.openqa.selenium.remote.service.DriverCommandExecutor.execute(DriverCommandExecutor.java:158)
at org.openqa.selenium.remote.RemoteWebDriver.execute(RemoteWebDriver.java:543)
at org.openqa.selenium.remote.RemoteWebElement.execute(RemoteWebElement.java:257)
at org.openqa.selenium.remote.RemoteWebElement.click(RemoteWebElement.java:78)
at org.example.stepDefs.First_Step.D02_loginStepDef.userPressOnLoginButton(D02_loginStepDef.java:32)
at ✽.user press on login button(file:///D:/informatique/SAK/code/SAK/src/main/resources/features/POA/F05_03_POA_TERMINATION.feature:5)
]]>
            </full-stacktrace>
          </exception> <!-- org.openqa.selenium.ElementClickInterceptedException -->
          <reporter-output>
          </reporter-output>
        </test-method> <!-- runScenario -->
        <test-method signature="runScenario(io.cucumber.testng.PickleWrapper,io.cucumber.testng.FeatureWrapper)[pri:0, instance:org.example.testRunner.runners@4c1d9d4b]" started-at="2023-10-24T11:03:00 EET" name="runScenario" description="Runs Cucumber Scenarios" data-provider="scenarios" finished-at="2023-10-24T11:05:54 EET" duration-ms="173704" status="PASS">
          <params>
            <param index="0">
              <value>
                <![CDATA["user could add new transactions for POA_PARTIAL_TERMINATION"]]>
              </value>
            </param>
            <param index="1">
              <value>
                <![CDATA["F05_04_POA_PARTIAL_TERMINATION | users could add new transactions for POA_PARTIAL_TERMINATION"]]>
              </value>
            </param>
          </params>
          <reporter-output>
          </reporter-output>
        </test-method> <!-- runScenario -->
        <test-method is-config="true" signature="tearDownClass()[pri:0, instance:org.example.testRunner.runners@4c1d9d4b]" started-at="2023-10-24T11:05:54 EET" name="tearDownClass" finished-at="2023-10-24T11:05:54 EET" duration-ms="390" status="PASS">
          <reporter-output>
          </reporter-output>
        </test-method> <!-- tearDownClass -->
      </class> <!-- org.example.testRunner.runners -->
    </test> <!-- Surefire test -->
  </suite> <!-- Surefire suite -->
</testng-results>
